<?xml version="1.0" encoding="UTF-8"?>
<!-- Generated by org.testng.reporters.JUnitXMLReporter -->
<testsuite hostname="DESKTOP-FGA0NH0" ignored="1" name="Test" tests="3" failures="2" timestamp="08 Oct 2022 07:34:55 GMT" time="10.644" errors="0">
  <testcase name="t3" time="0.081" classname="org.sample.MainExe">
    <failure type="java.lang.NullPointerException">
      <![CDATA[java.lang.NullPointerException
at org.sample.MainExe.t3(MainExe.java:46)
... Removed 25 stack frames]]>
    </failure>
  </testcase> <!-- t3 -->
  <testcase name="t1" time="0.013" classname="org.sample.MainExe"/>
  <testcase name="t4" time="0.011" classname="org.sample.MainExe">
    <failure type="java.lang.NullPointerException">
      <![CDATA[java.lang.NullPointerException
at org.sample.MainExe.t4(MainExe.java:59)
... Removed 25 stack frames]]>
    </failure>
  </testcase> <!-- t4 -->
  <testcase name="t2" time="0.0" classname="org.sample.MainExe">
    <ignored/>
  </testcase> <!-- t2 -->
</testsuite> <!-- Test -->
